{"name": "test_enter_data", "status": "failed", "statusDetails": {"message": "AssertionError", "trace": "self = <Appium_Framework.pages.ContactUsFromPage.ContactUsFor object at 0x000002415070E080>, text = '12345', locator_value = 'mobile', locator_type = 'text'\n\n    def sendText(self,text, locator_value, locator_type=\"id\"):\n        element = None\n        try:\n            locator_type = locator_type.lower()\n>           element = self.waitforElement(locator_value, locator_type)\n\n..\\base\\Baseclass.py:77: \n_ _ _ _ _ _ _ _ _ _ _ _ _ _ _ _ _ _ _ _ _ _ _ _ _ _ _ _ _ _ _ _ _ _ _ _ _ _ _ _ _ _ _ _ _ _ _ _ _ _ _ _ _ _ _ _ _ _ _ _ _ _ _ _ _ _ _ _ _ _ _ _ _ _ _ _ _ _ _ _ _ _ _\n\nself = <Appium_Framework.pages.ContactUsFromPage.ContactUsFor object at 0x000002415070E080>, locator_value = 'mobile', locator_type = 'text'\n\n    def waitforElement(self, locator_value, locator_type):\n        locator_type = locator_type.lower()\n        element = None\n        wait = WebDriverWait(self.driver, 25, poll_frequency=1,\n                             ignored_exceptions=[ElementNotVisibleException, ElementNotSelectableException,\n                                                 NoSuchElementException])\n    \n        if locator_type == \"id\":\n            element = wait.until(lambda x: x.find_element(AppiumBy.ID, locator_value))\n            return element\n    \n        elif locator_type == \"class\":\n            element = wait.until(lambda x: x.find_element(AppiumBy.CLASS_NAME, locator_value))\n            return element\n    \n        elif locator_type == \"desc\":\n            element = wait.until(lambda x: x.find_element(AppiumBy.ANDROID_UIAUTOMATOR, 'UiSelector().description(\"%s\")' % (locator_value)))\n            return element\n    \n        elif locator_type == \"index\":\n            element = wait.until(lambda x: x.find_element(AppiumBy.ANDROID_UIAUTOMATOR, 'UiSelector().index(\"%d\")' % int(locator_value)))\n            return element\n    \n        elif locator_type == \"text\":\n>           element = wait.until(lambda x: x.find_element(AppiumBy.ANDROID_UIAUTOMATOR, 'text(\"%s\")' % locator_value))\n\n..\\base\\Baseclass.py:41: \n_ _ _ _ _ _ _ _ _ _ _ _ _ _ _ _ _ _ _ _ _ _ _ _ _ _ _ _ _ _ _ _ _ _ _ _ _ _ _ _ _ _ _ _ _ _ _ _ _ _ _ _ _ _ _ _ _ _ _ _ _ _ _ _ _ _ _ _ _ _ _ _ _ _ _ _ _ _ _ _ _ _ _\n\nself = <selenium.webdriver.support.wait.WebDriverWait (session=\"5dfa3775-a674-4586-86df-02b2df639013\")>\nmethod = <function Baseclass.waitforElement.<locals>.<lambda> at 0x000002415076D480>, message = ''\n\n    def until(self, method, message=''):\n        \"\"\"Calls the method provided with the driver as an argument until the \\\n        return value does not evaluate to ``False``.\n    \n        :param method: callable(WebDriver)\n        :param message: optional message for :exc:`TimeoutException`\n        :returns: the result of the last call to `method`\n        :raises: :exc:`selenium.common.exceptions.TimeoutException` if timeout occurs\n        \"\"\"\n        screen = None\n        stacktrace = None\n    \n        end_time = time.time() + self._timeout\n        while True:\n            try:\n                value = method(self._driver)\n                if value:\n                    return value\n            except InvalidSelectorException as e:\n                raise e\n            except self._ignored_exceptions as exc:\n                screen = getattr(exc, 'screen', None)\n                stacktrace = getattr(exc, 'stacktrace', None)\n            time.sleep(self._poll)\n            if time.time() > end_time:\n                break\n>       raise TimeoutException(message, screen, stacktrace)\nE       selenium.common.exceptions.TimeoutException: Message: \nE       Stacktrace:\nE       NoSuchElementError: An element could not be located on the page using the given search parameters.\nE           at AndroidUiautomator2Driver.findElOrEls (C:\\Program Files\\Appium Server GUI\\resources\\app\\node_modules\\appium\\node_modules\\appium-android-driver\\lib\\commands\\find.js:75:11)\nE           at processTicksAndRejections (internal/process/task_queues.js:85:5)\n\n..\\..\\venv\\lib\\site-packages\\selenium\\webdriver\\support\\wait.py:89: TimeoutException\n\nDuring handling of the above exception, another exception occurred:\n\nself = <Appium_Framework.test.test_contactusform.TestContactUsForm testMethod=test_enter_data>\n\n    @pytest.mark.run(order=2)\n    def test_enter_data(self):\n        self.cf.enterName()\n        self.cf.enterEmail()\n        self.cf.enterAddress()\n>       self.cf.enterMoble()\n\ntest_contactusform.py:36: \n_ _ _ _ _ _ _ _ _ _ _ _ _ _ _ _ _ _ _ _ _ _ _ _ _ _ _ _ _ _ _ _ _ _ _ _ _ _ _ _ _ _ _ _ _ _ _ _ _ _ _ _ _ _ _ _ _ _ _ _ _ _ _ _ _ _ _ _ _ _ _ _ _ _ _ _ _ _ _ _ _ _ _\n..\\pages\\ContactUsFromPage.py:38: in enterMoble\n    self.sendText(\"12345\", \"mobile\", \"text\")\n_ _ _ _ _ _ _ _ _ _ _ _ _ _ _ _ _ _ _ _ _ _ _ _ _ _ _ _ _ _ _ _ _ _ _ _ _ _ _ _ _ _ _ _ _ _ _ _ _ _ _ _ _ _ _ _ _ _ _ _ _ _ _ _ _ _ _ _ _ _ _ _ _ _ _ _ _ _ _ _ _ _ _\n\nself = <Appium_Framework.pages.ContactUsFromPage.ContactUsFor object at 0x000002415070E080>, text = '12345', locator_value = 'mobile', locator_type = 'text'\n\n    def sendText(self,text, locator_value, locator_type=\"id\"):\n        element = None\n        try:\n            locator_type = locator_type.lower()\n            element = self.waitforElement(locator_value, locator_type)\n            element.send_keys(text)\n            self.log.info(f\"Send text to Element found with locatortype: \" + locator_type + \"and the locator value is :\" + locator_value)\n        except:\n            self.log.info(f\"Unable to send text to the locator with locatortype: \" + locator_type + \"and with the locator value is:\" + locator_value)\n            self.take_screenshot(locator_type)\n>           assert False\nE           AssertionError\n\n..\\base\\Baseclass.py:83: AssertionError"}, "attachments": [{"name": "text", "source": "91188815-6727-4f78-b3f8-e6de5970115b-attachment.png", "type": "image/png"}, {"name": "log", "source": "d0721e37-8712-4548-a77b-7a8a00fe0d76-attachment.txt", "type": "text/plain"}], "start": 1653540511696, "stop": 1653540540840, "uuid": "d4f3edec-f5d2-4bc3-a15d-39ed754a866d", "historyId": "a74617382dad507b5066f6705e71c617", "testCaseId": "1a3606aba2c9da235806e5dfd4c404bf", "fullName": "test_contactusform.TestContactUsForm#test_enter_data", "labels": [{"name": "tag", "value": "run(order=2)"}, {"name": "tag", "value": "@pytest.mark.usefixtures('beforeclass')"}, {"name": "suite", "value": "test_contactusform"}, {"name": "subSuite", "value": "TestContactUsForm"}, {"name": "host", "value": "DESKTOP-B28TDH5"}, {"name": "thread", "value": "8564-MainThread"}, {"name": "framework", "value": "pytest"}, {"name": "language", "value": "cpython3"}, {"name": "package", "value": "test_contactusform"}]}